<?xml version="1.0" encoding="UTF-8"?>
<!-- Generated by org.testng.reporters.JUnitXMLReporter -->
<testsuite ignored="2" hostname="LAPTOP-K26P8KNR" failures="1" tests="3" name="Test" time="17.886" errors="0" timestamp="2025-03-21T12:57:14 IST">
  <testcase classname="productTest.AddProductToCartTest" name="sampleTest" time="0.016">
    <failure type="java.lang.AssertionError" message="null">
      <![CDATA[java.lang.AssertionError: null
at productTest.AddProductToCartTest.sampleTest(AddProductToCartTest.java:61)
at java.base/java.util.ArrayList.forEach(ArrayList.java:1511)
... Removed 29 stack frames]]>
    </failure>
  </testcase> <!-- sampleTest -->
  <testcase classname="productTest.AddProductToCartTest" name="tc_001AddProductToCart" time="1.468"/>
  <testcase classname="productTest.SortProductLowToHighTest" name="tc_002_Sorting_PRoductPrice" time="0.603"/>
  <testcase classname="genericUtilities.BaseClass" name="@BeforeSuite bsConfig" time="0.0">
    <ignored/>
  </testcase> <!-- @BeforeSuite bsConfig -->
  <testcase classname="genericUtilities.BaseClass" name="@AfterSuite asConfig" time="0.0">
    <ignored/>
  </testcase> <!-- @AfterSuite asConfig -->
</testsuite> <!-- Test -->
